<?xml version="1.0" encoding="utf-8"?><testsuites><testsuite name="pytest" errors="0" failures="0" skipped="0" tests="111" time="32.579" timestamp="2026-08-26T16:32:38.082182+08:00" hostname="autodl-container-e4254eb262-86dc2f63"><testcase classname="tests.test_operator_matrix" name="test_case_matrix_is_generated" time="0.001" /><testcase classname="tests.test_operator_matrix" name="test_operator_correctness[matmul-matmul-128x128-torch.float32-contiguous]" time="0.314" /><testcase classname="tests.test_operator_matrix" name="test_operator_correctness[matmul-matmul-128x128-torch.float32-transposed]" time="0.002" /><testcase classname="tests.test_operator_matrix" name="test_operator_correctness[matmul-matmul-128x128-torch.float16-contiguous]" time="0.184" /><testcase classname="tests.test_operator_matrix" name="test_operator_correctness[matmul-matmul-128x128-torch.float16-transposed]" time="0.018" /><testcase classname="tests.test_operator_matrix" name="test_operator_correctness[matmul-matmul-1024x1024-torch.float32-contiguous]" time="0.047" /><testcase classname="tests.test_operator_matrix" name="test_operator_correctness[matmul-matmul-1024x1024-torch.float32-transposed]" time="0.043" /><testcase classname="tests.test_operator_matrix" name="test_operator_correctness[matmul-matmul-1024x1024-torch.float16-contiguous]" time="0.026" /><testcase classname="tests.test_operator_matrix" name="test_operator_correctness[matmul-matmul-1024x1024-torch.float16-transposed]" time="0.036" /><testcase classname="tests.test_operator_matrix" name="test_operator_correctness[matmul-matmul-4096x4096-torch.float32-contiguous]" time="0.657" /><testcase classname="tests.test_operator_matrix" name="test_operator_correctness[matmul-matmul-4096x4096-torch.float32-transposed]" time="0.701" /><testcase classname="tests.test_operator_matrix" name="test_operator_correctness[matmul-matmul-4096x4096-torch.float16-contiguous]" time="0.509" /><testcase classname="tests.test_operator_matrix" name="test_operator_correctness[matmul-matmul-4096x4096-torch.float16-transposed]" time="0.680" /><testcase classname="tests.test_operator_matrix" name="test_operator_correctness[matmul-matmul-3x1023-torch.float32-contiguous]" time="0.016" /><testcase classname="tests.test_operator_matrix" name="test_operator_correctness[matmul-matmul-3x1023-torch.float32-transposed]" time="0.014" /><testcase classname="tests.test_operator_matrix" name="test_operator_correctness[matmul-matmul-3x1023-torch.float16-contiguous]" time="0.013" /><testcase classname="tests.test_operator_matrix" name="test_operator_correctness[matmul-matmul-3x1023-torch.float16-transposed]" time="0.010" /><testcase classname="tests.test_operator_matrix" name="test_operator_correctness[layernorm-layernorm-128x128-torch.float32-contiguous]" time="0.003" /><testcase classname="tests.test_operator_matrix" name="test_operator_correctness[layernorm-layernorm-128x128-torch.float32-transposed]" time="0.002" /><testcase classname="tests.test_operator_matrix" name="test_operator_correctness[layernorm-layernorm-128x128-torch.float16-contiguous]" time="0.001" /><testcase classname="tests.test_operator_matrix" name="test_operator_correctness[layernorm-layernorm-128x128-torch.float16-transposed]" time="0.002" /><testcase classname="tests.test_operator_matrix" name="test_operator_correctness[layernorm-layernorm-1024x1024-torch.float32-contiguous]" time="0.012" /><testcase classname="tests.test_operator_matrix" name="test_operator_correctness[layernorm-layernorm-1024x1024-torch.float32-transposed]" time="0.025" /><testcase classname="tests.test_operator_matrix" name="test_operator_correctness[layernorm-layernorm-1024x1024-torch.float16-contiguous]" time="0.013" /><testcase classname="tests.test_operator_matrix" name="test_operator_correctness[layernorm-layernorm-1024x1024-torch.float16-transposed]" time="0.025" /><testcase classname="tests.test_operator_matrix" name="test_operator_correctness[layernorm-layernorm-4096x4096-torch.float32-contiguous]" time="0.305" /><testcase classname="tests.test_operator_matrix" name="test_operator_correctness[layernorm-layernorm-4096x4096-torch.float32-transposed]" time="0.423" /><testcase classname="tests.test_operator_matrix" name="test_operator_correctness[layernorm-layernorm-4096x4096-torch.float16-contiguous]" time="0.264" /><testcase classname="tests.test_operator_matrix" name="test_operator_correctness[layernorm-layernorm-4096x4096-torch.float16-transposed]" time="0.577" /><testcase classname="tests.test_operator_matrix" name="test_operator_correctness[layernorm-layernorm-3x1023-torch.float32-contiguous]" time="0.002" /><testcase classname="tests.test_operator_matrix" name="test_operator_correctness[layernorm-layernorm-3x1023-torch.float32-transposed]" time="0.001" /><testcase classname="tests.test_operator_matrix" name="test_operator_correctness[layernorm-layernorm-3x1023-torch.float16-contiguous]" time="0.001" /><testcase classname="tests.test_operator_matrix" name="test_operator_correctness[layernorm-layernorm-3x1023-torch.float16-transposed]" time="0.001" /><testcase classname="tests.test_operator_matrix" name="test_operator_correctness[softmax-softmax-128x128-torch.float32-contiguous]" time="0.011" /><testcase classname="tests.test_operator_matrix" name="test_operator_correctness[softmax-softmax-128x128-torch.float32-transposed]" time="0.002" /><testcase classname="tests.test_operator_matrix" name="test_operator_correctness[softmax-softmax-128x128-torch.float16-contiguous]" time="0.001" /><testcase classname="tests.test_operator_matrix" name="test_operator_correctness[softmax-softmax-128x128-torch.float16-transposed]" time="0.001" /><testcase classname="tests.test_operator_matrix" name="test_operator_correctness[softmax-softmax-1024x1024-torch.float32-contiguous]" time="0.013" /><testcase classname="tests.test_operator_matrix" name="test_operator_correctness[softmax-softmax-1024x1024-torch.float32-transposed]" time="0.023" /><testcase classname="tests.test_operator_matrix" name="test_operator_correctness[softmax-softmax-1024x1024-torch.float16-contiguous]" time="0.013" /><testcase classname="tests.test_operator_matrix" name="test_operator_correctness[softmax-softmax-1024x1024-torch.float16-transposed]" time="0.024" /><testcase classname="tests.test_operator_matrix" name="test_operator_correctness[softmax-softmax-4096x4096-torch.float32-contiguous]" time="0.302" /><testcase classname="tests.test_operator_matrix" name="test_operator_correctness[softmax-softmax-4096x4096-torch.float32-transposed]" time="0.501" /><testcase classname="tests.test_operator_matrix" name="test_operator_correctness[softmax-softmax-4096x4096-torch.float16-contiguous]" time="0.250" /><testcase classname="tests.test_operator_matrix" name="test_operator_correctness[softmax-softmax-4096x4096-torch.float16-transposed]" time="0.480" /><testcase classname="tests.test_operator_matrix" name="test_operator_correctness[softmax-softmax-3x1023-torch.float32-contiguous]" time="0.005" /><testcase classname="tests.test_operator_matrix" name="test_operator_correctness[softmax-softmax-3x1023-torch.float32-transposed]" time="0.001" /><testcase classname="tests.test_operator_matrix" name="test_operator_correctness[softmax-softmax-3x1023-torch.float16-contiguous]" time="0.001" /><testcase classname="tests.test_operator_matrix" name="test_operator_correctness[softmax-softmax-3x1023-torch.float16-transposed]" time="0.001" /><testcase classname="tests.test_operator_matrix" name="test_operator_correctness[gelu-gelu-128x128-torch.float32-contiguous]" time="0.005" /><testcase classname="tests.test_operator_matrix" name="test_operator_correctness[gelu-gelu-128x128-torch.float32-transposed]" time="0.002" /><testcase classname="tests.test_operator_matrix" name="test_operator_correctness[gelu-gelu-128x128-torch.float16-contiguous]" time="0.002" /><testcase classname="tests.test_operator_matrix" name="test_operator_correctness[gelu-gelu-128x128-torch.float16-transposed]" time="0.001" /><testcase classname="tests.test_operator_matrix" name="test_operator_correctness[gelu-gelu-1024x1024-torch.float32-contiguous]" time="0.013" /><testcase classname="tests.test_operator_matrix" name="test_operator_correctness[gelu-gelu-1024x1024-torch.float32-transposed]" time="0.021" /><testcase classname="tests.test_operator_matrix" name="test_operator_correctness[gelu-gelu-1024x1024-torch.float16-contiguous]" time="0.013" /><testcase classname="tests.test_operator_matrix" name="test_operator_correctness[gelu-gelu-1024x1024-torch.float16-transposed]" time="0.022" /><testcase classname="tests.test_operator_matrix" name="test_operator_correctness[gelu-gelu-4096x4096-torch.float32-contiguous]" time="0.299" /><testcase classname="tests.test_operator_matrix" name="test_operator_correctness[gelu-gelu-4096x4096-torch.float32-transposed]" time="0.463" /><testcase classname="tests.test_operator_matrix" name="test_operator_correctness[gelu-gelu-4096x4096-torch.float16-contiguous]" time="0.294" /><testcase classname="tests.test_operator_matrix" name="test_operator_correctness[gelu-gelu-4096x4096-torch.float16-transposed]" time="0.505" /><testcase classname="tests.test_operator_matrix" name="test_operator_correctness[gelu-gelu-3x1023-torch.float32-contiguous]" time="0.002" /><testcase classname="tests.test_operator_matrix" name="test_operator_correctness[gelu-gelu-3x1023-torch.float32-transposed]" time="0.001" /><testcase classname="tests.test_operator_matrix" name="test_operator_correctness[gelu-gelu-3x1023-torch.float16-contiguous]" time="0.001" /><testcase classname="tests.test_operator_matrix" name="test_operator_correctness[gelu-gelu-3x1023-torch.float16-transposed]" time="0.001" /><testcase classname="tests.test_operator_matrix" name="test_layout_preserves_logical_shape" time="3.433" /><testcase classname="tests.test_operator_gradients" name="test_operator_gradient_matches_reference[matmul]" time="0.054" /><testcase classname="tests.test_operator_gradients" name="test_operator_gradient_matches_reference[layernorm]" time="0.003" /><testcase classname="tests.test_operator_gradients" name="test_operator_gradient_matches_reference[gelu]" time="0.003" /><testcase classname="tests.test_operator_boundary" name="test_zero_input_produces_no_nan_or_inf[matmul]" time="0.001" /><testcase classname="tests.test_operator_boundary" name="test_zero_input_produces_no_nan_or_inf[layernorm]" time="0.001" /><testcase classname="tests.test_operator_boundary" name="test_zero_input_produces_no_nan_or_inf[softmax]" time="0.001" /><testcase classname="tests.test_operator_boundary" name="test_zero_input_produces_no_nan_or_inf[gelu]" time="0.001" /><testcase classname="tests.test_operator_boundary" name="test_extreme_value_input_produces_no_nan_or_inf[matmul]" time="0.001" /><testcase classname="tests.test_operator_boundary" name="test_extreme_value_input_produces_no_nan_or_inf[layernorm]" time="0.001" /><testcase classname="tests.test_operator_boundary" name="test_extreme_value_input_produces_no_nan_or_inf[softmax]" time="0.001" /><testcase classname="tests.test_operator_boundary" name="test_extreme_value_input_produces_no_nan_or_inf[gelu]" time="0.001" /><testcase classname="tests.test_operator_boundary" name="test_wrong_dtype_input_raises[matmul]" time="0.001" /><testcase classname="tests.test_operator_boundary" name="test_wrong_dtype_input_raises[layernorm]" time="0.001" /><testcase classname="tests.test_operator_boundary" name="test_wrong_dtype_input_raises[softmax]" time="0.000" /><testcase classname="tests.test_operator_boundary" name="test_wrong_dtype_input_raises[gelu]" time="0.000" /><testcase classname="tests.test_operator_boundary" name="test_matmul_fp16_overflow_is_detectable" time="0.001" /><testcase classname="tests.test_triton_kernel" name="test_triton_softmax_matches_pytorch[shape0-dtype0]" time="0.678" /><testcase classname="tests.test_triton_kernel" name="test_triton_softmax_matches_pytorch[shape0-dtype1]" time="0.005" /><testcase classname="tests.test_triton_kernel" name="test_triton_softmax_matches_pytorch[shape1-dtype0]" time="0.005" /><testcase classname="tests.test_triton_kernel" name="test_triton_softmax_matches_pytorch[shape1-dtype1]" time="0.004" /><testcase classname="tests.test_triton_kernel" name="test_triton_softmax_matches_pytorch[shape2-dtype0]" time="0.005" /><testcase classname="tests.test_triton_kernel" name="test_triton_softmax_matches_pytorch[shape2-dtype1]" time="0.005" /><testcase classname="tests.test_triton_kernel" name="test_triton_softmax_boundary_inputs[all_zero]" time="0.001" /><testcase classname="tests.test_triton_kernel" name="test_triton_softmax_boundary_inputs[single_element]" time="0.004" /><testcase classname="tests.test_triton_kernel" name="test_triton_softmax_boundary_inputs[large_value_gap]" time="0.004" /><testcase classname="tests.test_triton_kernel" name="test_triton_softmax_benchmark_is_recorded" time="0.018"><properties><property name="triton_softmax_ms" value="0.04613632202148438" /><property name="torch_softmax_ms" value="0.00892416000366211" /></properties></testcase><testcase classname="tests.test_correctness" name="test_trt_engine_matches_pytorch_reference[1-8]" time="18.868"><properties><property name="max_abs_error" value="0.0001220703125" /><property name="mean_abs_error" value="7.955852197483182e-06" /><property name="relative_l2_error" value="0.000551203906070441" /><property name="cosine_similarity" value="0.9999998807907104" /></properties></testcase><testcase classname="tests.test_correctness" name="test_trt_engine_matches_pytorch_reference[4-128]" time="0.154"><properties><property name="max_abs_error" value="0.000244140625" /><property name="mean_abs_error" value="7.449039912899025e-06" /><property name="relative_l2_error" value="0.0005089687183499336" /><property name="cosine_similarity" value="0.9999999403953552" /></properties></testcase><testcase classname="tests.test_correctness" name="test_trt_engine_matches_pytorch_reference[8-512]" time="0.160"><properties><property name="max_abs_error" value="0.0003662109375" /><property name="mean_abs_error" value="8.13943006505724e-06" /><property name="relative_l2_error" value="0.0005486014415509999" /><property name="cosine_similarity" value="0.9999998807907104" /></properties></testcase><testcase classname="tests.test_correctness" name="test_trt_engine_handles_all_zero_mask" time="0.022" /><testcase classname="tests.test_correctness" name="test_trt_engine_is_deterministic_across_repeated_calls" time="0.021" /><testcase classname="tests.test_dynamic_shapes" name="test_in_profile_shape_executes_successfully[1-8]" time="0.041" /><testcase classname="tests.test_dynamic_shapes" name="test_in_profile_shape_executes_successfully[4-128]" time="0.023" /><testcase classname="tests.test_dynamic_shapes" name="test_in_profile_shape_executes_successfully[8-512]" time="0.022" /><testcase classname="tests.test_dynamic_shapes" name="test_in_profile_shape_executes_successfully[3-127]" time="0.021" /><testcase classname="tests.test_dynamic_shapes" name="test_in_profile_shape_executes_successfully[5-200]" time="0.023" /><testcase classname="tests.test_negative_cases" name="test_out_of_profile_shape_is_rejected[0-128]" time="0.024" /><testcase classname="tests.test_negative_cases" name="test_out_of_profile_shape_is_rejected[4-513]" time="0.024" /><testcase classname="tests.test_negative_cases" name="test_missing_tensor_name_is_rejected" time="0.020" /><testcase classname="tests.test_negative_cases" name="test_corrupted_engine_file_deserializes_to_none" time="0.004" /><testcase classname="tests.test_negative_cases" name="test_trt_runner_raises_on_corrupted_engine" time="0.001" /><testcase classname="tests.test_performance" name="test_performance_candidate_sample[1-8]" time="0.085"><properties><property name="median_ms" value="0.08908800035715103" /><property name="p95_ms" value="0.0942080020904541" /></properties></testcase><testcase classname="tests.test_performance" name="test_performance_candidate_sample[4-128]" time="0.084"><properties><property name="median_ms" value="0.08908800035715103" /><property name="p95_ms" value="0.09609600156545639" /></properties></testcase><testcase classname="tests.test_performance" name="test_performance_candidate_sample[8-512]" time="0.084"><properties><property name="median_ms" value="0.08908800035715103" /><property name="p95_ms" value="0.0942080020904541" /></properties></testcase><testcase classname="tests.test_soak" name="test_soak_1000_iterations_no_drift_or_growth" time="0.249"><properties><property name="free_memory_growth_mb" value="0.0" /></properties></testcase></testsuite></testsuites>